2024-03-11 16:13:42 Loading main app package /usr/lib/obsidian/obsidian.asar
2024-03-11 16:13:42 Checking for update using Github
2024-03-11 16:13:42 Success.
2024-03-11 16:13:42 Latest version is 1.5.8
2024-03-11 16:13:42 App is up to date.
2024-03-11 17:13:42 Checking for update using Github
2024-03-11 17:13:42 Success.
2024-03-11 17:13:42 Latest version is 1.5.8
2024-03-11 17:13:42 App is up to date.
2024-03-11 18:12:14 Loading main app package /usr/lib/obsidian/obsidian.asar
2024-03-11 18:12:14 Checking for update using Github
2024-03-11 18:12:14 Success.
2024-03-11 18:12:14 Latest version is 1.5.8
2024-03-11 18:12:14 App is up to date.
2024-03-11 18:12:51 Loading main app package /usr/lib/obsidian/obsidian.asar
2024-03-11 18:12:52 Checking for update using Github
2024-03-11 18:12:52 Success.
2024-03-11 18:12:52 Latest version is 1.5.8
2024-03-11 18:12:52 App is up to date.
2024-03-11 19:10:22 Loading main app package /usr/lib/obsidian/obsidian.asar
2024-03-11 19:10:22 Checking for update using Github
2024-03-11 19:10:22 Success.
2024-03-11 19:10:22 Latest version is 1.5.8
2024-03-11 19:10:22 App is up to date.
2024-03-11 20:10:22 Checking for update using Github
2024-03-11 20:10:22 Success.
2024-03-11 20:10:22 Latest version is 1.5.8
2024-03-11 20:10:22 App is up to date.
2024-03-11 21:10:22 Checking for update using Github
2024-03-11 21:10:22 Success.
2024-03-11 21:10:22 Latest version is 1.5.8
2024-03-11 21:10:22 App is up to date.
2024-03-11 22:10:22 Checking for update using Github
2024-03-11 22:10:22 Success.
2024-03-11 22:10:22 Latest version is 1.5.8
2024-03-11 22:10:22 App is up to date.
2024-03-11 23:10:23 Checking for update using Github
2024-03-11 23:10:23 Success.
2024-03-11 23:10:23 Latest version is 1.5.8
2024-03-11 23:10:23 App is up to date.
2024-03-12 00:10:23 Checking for update using Github
2024-03-12 00:10:23 Success.
2024-03-12 00:10:23 Latest version is 1.5.8
2024-03-12 00:10:23 App is up to date.
2024-03-12 01:10:23 Checking for update using Github
2024-03-12 01:10:23 Success.
2024-03-12 01:10:23 Latest version is 1.5.8
2024-03-12 01:10:23 App is up to date.
2024-03-12 02:10:23 Checking for update using Github
2024-03-12 02:10:23 Success.
2024-03-12 02:10:23 Latest version is 1.5.8
2024-03-12 02:10:23 App is up to date.
2024-03-12 03:10:23 Checking for update using Github
2024-03-12 03:10:23 Success.
2024-03-12 03:10:23 Latest version is 1.5.8
2024-03-12 03:10:23 App is up to date.
2024-03-12 04:10:23 Checking for update using Github
2024-03-12 04:10:23 Success.
2024-03-12 04:10:23 Latest version is 1.5.8
2024-03-12 04:10:23 App is up to date.
2024-03-12 05:10:23 Checking for update using Github
2024-03-12 05:10:23 Success.
2024-03-12 05:10:23 Latest version is 1.5.8
2024-03-12 05:10:23 App is up to date.
2024-03-12 13:33:57 Loading main app package /usr/lib/obsidian/obsidian.asar
2024-03-12 13:33:57 Checking for update using Github
2024-03-12 13:33:57 Success.
2024-03-12 13:33:57 Latest version is 1.5.8
2024-03-12 13:33:57 App is up to date.
2024-03-12 14:33:57 Checking for update using Github
2024-03-12 14:34:25 Failed to check for update using Github (net::ERR_NETWORK_CHANGED)
2024-03-12 14:34:25 Checking for update using obsidian.md
2024-03-12 14:34:25 Failed to check for update using obsidian.md (net::ERR_INTERNET_DISCONNECTED)
2024-03-12 15:43:33 Checking for update using Github
2024-03-12 15:43:33 Success.
2024-03-12 15:43:33 Latest version is 1.5.8
2024-03-12 15:43:33 App is up to date.
2024-03-12 17:16:08 Checking for update using Github
2024-03-12 17:16:08 Success.
2024-03-12 17:16:08 Latest version is 1.5.8
2024-03-12 17:16:08 App is up to date.
2024-03-12 18:48:06 Checking for update using Github
2024-03-12 18:48:06 Success.
2024-03-12 18:48:06 Latest version is 1.5.8
2024-03-12 18:48:06 App is up to date.
2024-03-12 20:04:01 Checking for update using Github
2024-03-12 20:05:23 Loading main app package /usr/lib/obsidian/obsidian.asar
2024-03-12 20:05:23 Checking for update using Github
2024-03-12 20:05:23 Success.
2024-03-12 20:05:23 Latest version is 1.5.8
2024-03-12 20:05:23 App is up to date.
2024-03-12 21:05:23 Checking for update using Github
2024-03-12 21:05:23 Success.
2024-03-12 21:05:23 Latest version is 1.5.8
2024-03-12 21:05:23 App is up to date.
2024-03-12 22:05:23 Checking for update using Github
2024-03-12 22:05:23 Success.
2024-03-12 22:05:23 Latest version is 1.5.8
2024-03-12 22:05:23 App is up to date.
2024-03-12 23:08:40 Loading main app package /usr/lib/obsidian/obsidian.asar
2024-03-12 23:08:40 Checking for update using Github
2024-03-12 23:08:48 Failed to check for update using Github (net::ERR_NAME_NOT_RESOLVED)
2024-03-12 23:08:48 Checking for update using obsidian.md
2024-03-12 23:08:49 Failed to check for update using obsidian.md (Unexpected end of JSON input)
2024-03-13 00:08:40 Checking for update using Github
2024-03-13 00:08:40 Success.
2024-03-13 00:08:40 Latest version is 1.5.8
2024-03-13 00:08:40 App is up to date.
2024-03-13 01:08:40 Checking for update using Github
2024-03-13 01:08:40 Success.
2024-03-13 01:08:40 Latest version is 1.5.8
2024-03-13 01:08:40 App is up to date.
2024-03-13 01:34:20 Loading main app package /usr/lib/obsidian/obsidian.asar
2024-03-13 01:34:20 Checking for update using Github
2024-03-13 01:34:47 Failed to check for update using Github (net::ERR_NAME_NOT_RESOLVED)
2024-03-13 01:34:47 Checking for update using obsidian.md
2024-03-13 01:35:06 Failed to check for update using obsidian.md (net::ERR_NETWORK_CHANGED)
2024-03-13 02:34:20 Checking for update using Github
2024-03-13 02:34:20 Success.
2024-03-13 02:34:20 Latest version is 1.5.8
2024-03-13 02:34:20 App is up to date.
2024-03-13 03:34:20 Checking for update using Github
2024-03-13 03:34:20 Success.
2024-03-13 03:34:20 Latest version is 1.5.8
2024-03-13 03:34:20 App is up to date.
2024-03-13 04:34:20 Checking for update using Github
2024-03-13 04:34:20 Success.
2024-03-13 04:34:20 Latest version is 1.5.8
2024-03-13 04:34:20 App is up to date.
2024-03-13 05:34:20 Checking for update using Github
2024-03-13 05:34:20 Success.
2024-03-13 05:34:20 Latest version is 1.5.8
2024-03-13 05:34:20 App is up to date.
2024-03-13 06:34:20 Checking for update using Github
2024-03-13 06:34:20 Success.
2024-03-13 06:34:20 Latest version is 1.5.8
2024-03-13 06:34:20 App is up to date.
2024-03-13 07:34:20 Checking for update using Github
2024-03-13 07:34:20 Success.
2024-03-13 07:34:20 Latest version is 1.5.8
2024-03-13 07:34:20 App is up to date.
2024-03-13 08:34:20 Checking for update using Github
2024-03-13 08:34:20 Success.
2024-03-13 08:34:20 Latest version is 1.5.8
2024-03-13 08:34:20 App is up to date.
2024-03-13 09:34:20 Checking for update using Github
2024-03-13 09:34:20 Success.
2024-03-13 09:34:20 Latest version is 1.5.8
2024-03-13 09:34:20 App is up to date.
2024-03-13 10:34:21 Checking for update using Github
2024-03-13 10:34:21 Success.
2024-03-13 10:34:21 Latest version is 1.5.8
2024-03-13 10:34:21 App is up to date.
2024-03-13 11:34:21 Checking for update using Github
2024-03-13 11:34:21 Success.
2024-03-13 11:34:21 Latest version is 1.5.8
2024-03-13 11:34:21 App is up to date.
2024-03-13 12:34:21 Checking for update using Github
2024-03-13 12:34:21 Success.
2024-03-13 12:34:21 Latest version is 1.5.8
2024-03-13 12:34:21 App is up to date.
2024-03-13 13:34:21 Checking for update using Github
2024-03-13 13:34:21 Success.
2024-03-13 13:34:21 Latest version is 1.5.8
2024-03-13 13:34:21 App is up to date.
2024-03-13 14:34:21 Checking for update using Github
2024-03-13 14:34:21 Success.
2024-03-13 14:34:21 Latest version is 1.5.8
2024-03-13 14:34:21 App is up to date.
2024-03-13 15:34:21 Checking for update using Github
2024-03-13 15:34:21 Success.
2024-03-13 15:34:21 Latest version is 1.5.8
2024-03-13 15:34:21 App is up to date.
2024-03-13 16:34:21 Checking for update using Github
2024-03-13 16:34:21 Success.
2024-03-13 16:34:21 Latest version is 1.5.8
2024-03-13 16:34:21 App is up to date.
2024-03-13 17:34:21 Checking for update using Github
2024-03-13 17:34:21 Success.
2024-03-13 17:34:21 Latest version is 1.5.8
2024-03-13 17:34:21 App is up to date.
2024-03-13 18:34:21 Checking for update using Github
2024-03-13 18:34:21 Success.
2024-03-13 18:34:21 Latest version is 1.5.8
2024-03-13 18:34:21 App is up to date.
2024-03-13 19:34:21 Checking for update using Github
2024-03-13 19:34:21 Success.
2024-03-13 19:34:21 Latest version is 1.5.8
2024-03-13 19:34:21 App is up to date.
2024-03-13 20:34:21 Checking for update using Github
2024-03-13 20:34:22 Success.
2024-03-13 20:34:22 Latest version is 1.5.8
2024-03-13 20:34:22 App is up to date.
2024-03-13 21:34:22 Checking for update using Github
2024-03-13 21:34:22 Success.
2024-03-13 21:34:22 Latest version is 1.5.8
2024-03-13 21:34:22 App is up to date.
2024-03-13 22:34:22 Checking for update using Github
2024-03-13 22:34:22 Success.
2024-03-13 22:34:22 Latest version is 1.5.8
2024-03-13 22:34:22 App is up to date.
2024-03-13 23:34:22 Checking for update using Github
2024-03-13 23:34:22 Success.
2024-03-13 23:34:22 Latest version is 1.5.8
2024-03-13 23:34:22 App is up to date.
2024-03-14 00:34:22 Checking for update using Github
2024-03-14 00:34:22 Success.
2024-03-14 00:34:22 Latest version is 1.5.8
2024-03-14 00:34:22 App is up to date.
2024-03-14 01:34:22 Checking for update using Github
2024-03-14 01:34:22 Success.
2024-03-14 01:34:22 Latest version is 1.5.8
2024-03-14 01:34:22 App is up to date.
2024-03-14 02:34:22 Checking for update using Github
2024-03-14 02:34:22 Success.
2024-03-14 02:34:22 Latest version is 1.5.8
2024-03-14 02:34:22 App is up to date.
2024-03-14 14:59:10 Loading main app package /usr/lib/obsidian/obsidian.asar
2024-03-14 14:59:11 Checking for update using Github
2024-03-14 14:59:11 Success.
2024-03-14 14:59:11 Latest version is 1.5.8
2024-03-14 14:59:11 App is up to date.
2024-03-14 15:59:11 Checking for update using Github
2024-03-14 15:59:11 Success.
2024-03-14 15:59:11 Latest version is 1.5.8
2024-03-14 15:59:11 App is up to date.
2024-03-14 17:18:18 Checking for update using Github
2024-03-14 17:18:18 Success.
2024-03-14 17:18:18 Latest version is 1.5.8
2024-03-14 17:18:18 App is up to date.
2024-03-14 18:19:52 Checking for update using Github
2024-03-14 18:19:52 Success.
2024-03-14 18:19:52 Latest version is 1.5.8
2024-03-14 18:19:52 App is up to date.
2024-03-14 20:09:20 Checking for update using Github
2024-03-14 20:09:20 Success.
2024-03-14 20:09:20 Latest version is 1.5.8
2024-03-14 20:09:20 App is up to date.
2024-03-14 21:09:20 Checking for update using Github
2024-03-14 21:09:20 Success.
2024-03-14 21:09:20 Latest version is 1.5.8
2024-03-14 21:09:20 App is up to date.
2024-03-14 22:09:20 Checking for update using Github
2024-03-14 22:09:20 Success.
2024-03-14 22:09:20 Latest version is 1.5.8
2024-03-14 22:09:20 App is up to date.
2024-03-14 23:09:20 Checking for update using Github
2024-03-14 23:09:20 Success.
2024-03-14 23:09:20 Latest version is 1.5.8
2024-03-14 23:09:20 App is up to date.
2024-03-15 00:09:20 Checking for update using Github
2024-03-15 00:09:20 Success.
2024-03-15 00:09:20 Latest version is 1.5.8
2024-03-15 00:09:20 App is up to date.
2024-03-15 01:09:20 Checking for update using Github
2024-03-15 01:09:20 Success.
2024-03-15 01:09:20 Latest version is 1.5.8
2024-03-15 01:09:20 App is up to date.
2024-03-15 02:11:19 Checking for update using Github
2024-03-15 02:11:19 Success.
2024-03-15 02:11:19 Latest version is 1.5.8
2024-03-15 02:11:19 App is up to date.
2024-03-15 03:11:19 Checking for update using Github
2024-03-15 03:11:19 Success.
2024-03-15 03:11:19 Latest version is 1.5.8
2024-03-15 03:11:19 App is up to date.
2024-03-15 16:04:02 Loading main app package /usr/lib/obsidian/obsidian.asar
2024-03-15 16:04:02 Checking for update using Github
2024-03-15 16:04:02 Failed to check for update using Github (net::ERR_INTERNET_DISCONNECTED)
2024-03-15 16:04:02 Checking for update using obsidian.md
2024-03-15 16:04:02 Failed to check for update using obsidian.md (net::ERR_INTERNET_DISCONNECTED)
2024-03-15 17:04:03 Checking for update using Github
2024-03-15 17:04:03 Success.
2024-03-15 17:04:03 Latest version is 1.5.8
2024-03-15 17:04:03 App is up to date.
2024-03-15 18:56:08 Checking for update using Github
2024-03-15 18:56:08 Success.
2024-03-15 18:56:08 Latest version is 1.5.8
2024-03-15 18:56:08 App is up to date.
2024-03-15 19:56:08 Checking for update using Github
2024-03-15 19:56:08 Success.
2024-03-15 19:56:08 Latest version is 1.5.8
2024-03-15 19:56:08 App is up to date.
2024-03-15 20:56:08 Checking for update using Github
2024-03-15 20:56:08 Success.
2024-03-15 20:56:08 Latest version is 1.5.8
2024-03-15 20:56:08 App is up to date.
2024-03-15 22:01:33 Checking for update using Github
2024-03-15 22:01:33 Success.
2024-03-15 22:01:33 Latest version is 1.5.8
2024-03-15 22:01:33 App is up to date.
2024-03-15 23:01:33 Checking for update using Github
2024-03-15 23:01:34 Success.
2024-03-15 23:01:34 Latest version is 1.5.8
2024-03-15 23:01:34 App is up to date.
2024-03-16 00:01:33 Checking for update using Github
2024-03-16 00:01:34 Success.
2024-03-16 00:01:34 Latest version is 1.5.8
2024-03-16 00:01:34 App is up to date.
2024-03-16 01:01:34 Checking for update using Github
2024-03-16 01:01:34 Success.
2024-03-16 01:01:34 Latest version is 1.5.8
2024-03-16 01:01:34 App is up to date.
2024-03-16 02:01:34 Checking for update using Github
2024-03-16 02:01:34 Success.
2024-03-16 02:01:34 Latest version is 1.5.8
2024-03-16 02:01:34 App is up to date.
2024-03-16 15:44:06 Checking for update using Github
2024-03-16 15:44:06 Success.
2024-03-16 15:44:06 Latest version is 1.5.8
2024-03-16 15:44:06 App is up to date.
2024-03-16 16:44:06 Checking for update using Github
2024-03-16 16:44:06 Success.
2024-03-16 16:44:06 Latest version is 1.5.8
2024-03-16 16:44:06 App is up to date.
2024-03-16 17:44:06 Checking for update using Github
2024-03-16 17:44:06 Success.
2024-03-16 17:44:06 Latest version is 1.5.8
2024-03-16 17:44:06 App is up to date.
2024-03-16 18:44:06 Checking for update using Github
2024-03-16 18:44:06 Success.
2024-03-16 18:44:06 Latest version is 1.5.8
2024-03-16 18:44:06 App is up to date.
2024-03-16 19:44:06 Checking for update using Github
2024-03-16 19:44:06 Success.
2024-03-16 19:44:06 Latest version is 1.5.8
2024-03-16 19:44:06 App is up to date.
2024-03-16 20:44:06 Checking for update using Github
2024-03-16 20:44:06 Success.
2024-03-16 20:44:06 Latest version is 1.5.8
2024-03-16 20:44:06 App is up to date.
2024-03-16 21:44:06 Checking for update using Github
2024-03-16 21:44:07 Success.
2024-03-16 21:44:07 Latest version is 1.5.8
2024-03-16 21:44:07 App is up to date.
2024-03-16 22:44:06 Checking for update using Github
2024-03-16 22:44:06 Success.
2024-03-16 22:44:06 Latest version is 1.5.8
2024-03-16 22:44:06 App is up to date.
2024-03-16 23:44:06 Checking for update using Github
2024-03-16 23:44:07 Success.
2024-03-16 23:44:07 Latest version is 1.5.8
2024-03-16 23:44:07 App is up to date.
2024-03-17 00:44:07 Checking for update using Github
2024-03-17 00:44:07 Success.
2024-03-17 00:44:07 Latest version is 1.5.8
2024-03-17 00:44:07 App is up to date.
2024-03-17 01:44:07 Checking for update using Github
2024-03-17 01:44:07 Success.
2024-03-17 01:44:07 Latest version is 1.5.8
2024-03-17 01:44:07 App is up to date.
2024-03-17 02:44:07 Checking for update using Github
2024-03-17 02:44:07 Success.
2024-03-17 02:44:07 Latest version is 1.5.8
2024-03-17 02:44:07 App is up to date.
2024-03-17 03:44:07 Checking for update using Github
2024-03-17 03:44:07 Success.
2024-03-17 03:44:07 Latest version is 1.5.8
2024-03-17 03:44:07 App is up to date.
2024-03-17 23:12:41 Checking for update using Github
2024-03-17 23:12:56 Success.
2024-03-17 23:12:56 Latest version is 1.5.8
2024-03-17 23:12:56 App is up to date.
2024-03-18 00:12:41 Checking for update using Github
2024-03-18 00:12:41 Success.
2024-03-18 00:12:41 Latest version is 1.5.8
2024-03-18 00:12:41 App is up to date.
2024-03-18 23:39:17 Checking for update using Github
2024-03-18 23:39:18 Success.
2024-03-18 23:39:18 Latest version is 1.5.8
2024-03-18 23:39:18 App is up to date.
2024-03-19 00:41:30 Checking for update using Github
2024-03-19 00:41:30 Success.
2024-03-19 00:41:30 Latest version is 1.5.8
2024-03-19 00:41:30 App is up to date.
2024-03-19 01:41:30 Checking for update using Github
2024-03-19 01:41:30 Success.
2024-03-19 01:41:30 Latest version is 1.5.8
2024-03-19 01:41:30 App is up to date.
2024-03-19 15:18:29 Checking for update using Github
2024-03-19 15:18:29 Success.
2024-03-19 15:18:29 Latest version is 1.5.8
2024-03-19 15:18:29 App is up to date.
2024-03-19 16:18:29 Checking for update using Github
2024-03-19 16:18:30 Success.
2024-03-19 16:18:30 Latest version is 1.5.11
2024-03-19 16:18:30 Downloading update from https://github.com/obsidianmd/obsidian-releases/releases/download/v1.5.11/obsidian-1.5.11.asar.gz
2024-03-19 16:18:31 Verifying hash & signature. Size= 8781777
2024-03-19 16:18:31 Saving file
2024-03-19 16:18:32 Update complete.
2024-03-19 18:51:56 Checking for update using Github
2024-03-19 18:51:56 Success.
2024-03-19 18:51:56 Latest version is 1.5.11
2024-03-19 18:51:56 An update is already downloaded.
2024-03-19 20:23:12 Checking for update using Github
2024-03-19 20:23:12 Success.
2024-03-19 20:23:12 Latest version is 1.5.11
2024-03-19 20:23:12 An update is already downloaded.
2024-03-19 21:23:12 Checking for update using Github
2024-03-19 21:23:12 Success.
2024-03-19 21:23:12 Latest version is 1.5.11
2024-03-19 21:23:12 An update is already downloaded.
2024-03-19 22:23:12 Checking for update using Github
2024-03-19 22:23:12 Success.
2024-03-19 22:23:12 Latest version is 1.5.11
2024-03-19 22:23:12 An update is already downloaded.
2024-03-19 23:23:12 Checking for update using Github
2024-03-19 23:23:12 Success.
2024-03-19 23:23:12 Latest version is 1.5.11
2024-03-19 23:23:12 An update is already downloaded.
2024-03-20 00:23:12 Checking for update using Github
2024-03-20 00:23:12 Success.
2024-03-20 00:23:12 Latest version is 1.5.11
2024-03-20 00:23:12 An update is already downloaded.
2024-03-20 01:23:12 Checking for update using Github
2024-03-20 01:23:12 Success.
2024-03-20 01:23:12 Latest version is 1.5.11
2024-03-20 01:23:12 An update is already downloaded.
2024-03-20 02:23:12 Checking for update using Github
2024-03-20 02:23:12 Success.
2024-03-20 02:23:12 Latest version is 1.5.11
2024-03-20 02:23:12 An update is already downloaded.
2024-03-20 03:23:12 Checking for update using Github
2024-03-20 03:23:12 Success.
2024-03-20 03:23:12 Latest version is 1.5.11
2024-03-20 03:23:12 An update is already downloaded.
2024-03-20 17:15:46 Checking for update using Github
2024-03-20 17:15:46 Success.
2024-03-20 17:15:46 Latest version is 1.5.11
2024-03-20 17:15:46 An update is already downloaded.
2024-03-20 18:15:46 Checking for update using Github
2024-03-20 18:15:46 Success.
2024-03-20 18:15:46 Latest version is 1.5.11
2024-03-20 18:15:46 An update is already downloaded.
2024-03-20 18:39:38 Loading updated app package /home/wren/.config/obsidian/obsidian-1.5.11.asar
2024-03-20 18:39:38 Checking for update using Github
2024-03-20 18:39:38 Success.
2024-03-20 18:39:38 Latest version is 1.5.11
2024-03-20 18:39:38 App is up to date.
2024-03-20 19:39:38 Checking for update using Github
2024-03-20 19:39:38 Success.
2024-03-20 19:39:38 Latest version is 1.5.11
2024-03-20 19:39:38 App is up to date.
2024-03-20 20:39:38 Checking for update using Github
2024-03-20 20:39:38 Success.
2024-03-20 20:39:38 Latest version is 1.5.11
2024-03-20 20:39:38 App is up to date.
