00:00:00.612110 VirtualBox GUI VM Selector Window 7.0.12 r159484 linux.amd64 (Oct 17 2023 12:57:12) release log
00:00:00.612114 Log opened 2023-12-06T00:59:32.073768000Z
00:00:00.612115 Build Type: release
00:00:00.612119 OS Product: Linux
00:00:00.612120 OS Release: 6.6.3-arch1-1
00:00:00.612121 OS Version: #1 SMP PREEMPT_DYNAMIC Wed, 29 Nov 2023 00:37:40 +0000
00:00:00.612162 DMI Product Name: XPS 15 9520
00:00:00.612176 DMI Product Version: 
00:00:00.612184 Firmware type: UEFI
00:00:00.613149 Secure Boot: Disabled
00:00:00.613206 Host RAM: 15667MB (15.3GB) total, 2951MB (2.8GB) available
00:00:00.613210 Executable: /usr/lib/virtualbox/VirtualBox
00:00:00.613211 Process ID: 127649
00:00:00.613212 Package type: LINUX_64BITS_GENERIC (OSE)
00:00:00.613256 Qt version: 5.15.11
00:00:00.614131 GUI: UIMediumEnumerator: Initial medium-enumeration finished!
00:00:00.621155 GUI: UIMediumEnumerator: Medium-enumeration started...
00:00:00.621204 GUI: UIMediumEnumerator: Medium-enumeration finished!
00:00:01.684331 GUI: UIDesktopWidgetWatchdog::sltHandleHostScreenAvailableGeometryCalculated: Screen 0 work area is actually resized to: 0x32 x 1920x1130
00:00:05.033764 GUI: UICommon: Handling aboutToQuit request..
00:00:05.976271 GUI: UICommon: aboutToQuit request handled!
