00:00:00.000450 main     VirtualBox XPCOM Server 7.0.12 r159484 linux.amd64 (Oct 17 2023 12:57:12) release log
00:00:00.000454 main     Log opened 2023-12-06T00:59:31.841136000Z
00:00:00.000455 main     Build Type: release
00:00:00.000458 main     OS Product: Linux
00:00:00.000459 main     OS Release: 6.6.3-arch1-1
00:00:00.000461 main     OS Version: #1 SMP PREEMPT_DYNAMIC Wed, 29 Nov 2023 00:37:40 +0000
00:00:00.000489 main     DMI Product Name: XPS 15 9520
00:00:00.000499 main     DMI Product Version: 
00:00:00.000505 main     Firmware type: UEFI
00:00:00.001580 main     Secure Boot: Disabled
00:00:00.001626 main     Host RAM: 15667MB (15.3GB) total, 2930MB (2.8GB) available
00:00:00.001630 main     Executable: /usr/lib/virtualbox/VBoxSVC
00:00:00.001631 main     Process ID: 127689
00:00:00.001632 main     Package type: LINUX_64BITS_GENERIC (OSE)
00:00:00.004113 main     IPC socket path: /tmp/.vbox-wren-ipc/ipcd
00:00:00.117201 nspr-2   VirtualBox: object creation starts
00:00:00.117346 nspr-2   Home directory: '/home/wren/.config/VirtualBox'
00:00:00.143887 nspr-2   NetIfAdpCtlOut: VBoxNetAdpCtl: Error while retrieving link speed for wlan0: VBoxNetAdpCtl: ioctl failed: Operation not supported
00:00:00.146269 nspr-2   HostDnsMonitor: initializing
00:00:00.146756 nspr-2   NAT: resolv.conf: nameserver 128.122.0.71
00:00:00.146769 nspr-2   NAT: resolv.conf: nameserver 128.122.0.11
00:00:00.146794 nspr-2   HostDnsMonitor: updating information
00:00:00.146832 nspr-2   HostDnsMonitor: old information
00:00:00.146838 nspr-2     no server entries
00:00:00.146841 nspr-2     no domain set
00:00:00.146843 nspr-2     no search string entries
00:00:00.146846 nspr-2   HostDnsMonitor: new information
00:00:00.146848 nspr-2     server 1: 128.122.0.71
00:00:00.146852 nspr-2     server 2: 128.122.0.11
00:00:00.146855 nspr-2     domain: nyu.edu
00:00:00.146857 nspr-2     search string 1: nyu.edu
00:00:00.151270 nspr-2   Failed to open "/dev/vboxdrvu", errno=2, rc=VERR_VM_DRIVER_NOT_INSTALLED
00:00:00.151515 nspr-2   VD: VDInit finished with VINF_SUCCESS
00:00:00.151660 nspr-2   ERROR [COM]: aRC=NS_ERROR_FAILURE (0x80004005) aIID={aac6c7cb-a371-4c58-ab51-0616896b2f2c} aComponent={SystemPropertiesWrap} aText={Cannot determine default Guest Additions ISO location. Most likely they are not available}, preserve=false aResultDetail=0
00:00:00.153131 nspr-2   VirtualBox: object created
00:00:01.168964 nspr-3   Saving settings file "/home/wren/.config/VirtualBox/VirtualBox.xml" with version "1.12-linux"
00:00:01.171056 nspr-3   Finished saving settings file "/home/wren/.config/VirtualBox/VirtualBox.xml"
00:00:01.259171 nspr-2   Saving settings file "/home/wren/.config/VirtualBox/VirtualBox.xml" with version "1.12-linux"
00:00:01.260747 nspr-2   Finished saving settings file "/home/wren/.config/VirtualBox/VirtualBox.xml"
00:00:01.341895 nspr-3   WARNING [COM]: aRC=NS_ERROR_FAILURE (0x80004005) aIID={e54f6256-97a7-4947-8a78-10c013ddf4b8} aComponent={HostWrap} aText={Could not load the Host USB Proxy service: VERR_NOT_FOUND}, preserve=false aResultDetail=0
00:00:01.554720 nspr-3   Saving settings file "/home/wren/.config/VirtualBox/VirtualBox.xml" with version "1.12-linux"
00:00:01.556698 nspr-3   Finished saving settings file "/home/wren/.config/VirtualBox/VirtualBox.xml"
00:00:10.580207 main     VirtualBox: object deletion starts
00:00:10.580576 main     HostDnsMonitor: shutting down ...
00:00:10.591982 main     HostDnsMonitor: shut down
00:00:10.603120 Watcher  ERROR [COM]: aRC=E_ACCESSDENIED (0x80070005) aIID={7682d5eb-f00e-44f1-8ca2-99d08b1cd607} aComponent={VirtualBoxWrap} aText={The object is not ready}, preserve=false aResultDetail=0
00:00:10.603319 main     VirtualBox: object deleted
