[2024-10-28 14:11:13.053] [info] Using configuration file /etc/xdg/waybar/config.jsonc
[2024-10-28 14:11:13.055] [info] Discovered appearance 'dark'
[2024-10-28 14:11:13.055] [info] Using CSS file /etc/xdg/waybar/style.css
[2024-10-28 14:11:13.080] [warning] module sway/workspaces: Disabling module "sway/workspaces", Socket path is empty
[2024-10-28 14:11:13.102] [warning] module sway/mode: Disabling module "sway/mode", Socket path is empty
[2024-10-28 14:11:13.126] [warning] module sway/scratchpad: Disabling module "sway/scratchpad", Socket path is empty
[2024-10-28 14:11:13.132] [error] media stopped unexpectedly, is it endless?
[2024-10-28 14:11:13.160] [warning] module sway/window: Disabling module "sway/window", Socket path is empty
[2024-10-28 14:11:13.162] [warning] Can't open /dev/input/event0 (are you in the input group?): EACCES Permission denied
[2024-10-28 14:11:13.162] [warning] Can't open /dev/input/event1 (are you in the input group?): EACCES Permission denied
[2024-10-28 14:11:13.162] [warning] Can't open /dev/input/event2 (are you in the input group?): EACCES Permission denied
[2024-10-28 14:11:13.162] [warning] Can't open /dev/input/event3 (are you in the input group?): EACCES Permission denied
[2024-10-28 14:11:13.162] [warning] Can't open /dev/input/event4 (are you in the input group?): EACCES Permission denied
[2024-10-28 14:11:13.162] [warning] Can't open /dev/input/event5 (are you in the input group?): EACCES Permission denied
[2024-10-28 14:11:13.162] [warning] Can't open /dev/input/event6 (are you in the input group?): EACCES Permission denied
[2024-10-28 14:11:13.162] [warning] Can't open /dev/input/event7 (are you in the input group?): EACCES Permission denied
[2024-10-28 14:11:13.162] [warning] Can't open /dev/input/event8 (are you in the input group?): EACCES Permission denied
[2024-10-28 14:11:13.162] [warning] Can't open /dev/input/event9 (are you in the input group?): EACCES Permission denied
[2024-10-28 14:11:13.162] [warning] Can't open /dev/input/event10 (are you in the input group?): EACCES Permission denied
[2024-10-28 14:11:13.162] [warning] Can't open /dev/input/event11 (are you in the input group?): EACCES Permission denied
[2024-10-28 14:11:13.162] [warning] Can't open /dev/input/event12 (are you in the input group?): EACCES Permission denied
[2024-10-28 14:11:13.162] [warning] Can't open /dev/input/event13 (are you in the input group?): EACCES Permission denied
[2024-10-28 14:11:13.162] [warning] Can't open /dev/input/mice (are you in the input group?): EACCES Permission denied
[2024-10-28 14:11:13.162] [warning] Can't open /dev/input/mouse0 (are you in the input group?): EACCES Permission denied
[2024-10-28 14:11:13.162] [warning] Can't open /dev/input/mouse1 (are you in the input group?): EACCES Permission denied
[2024-10-28 14:11:13.162] [warning] Can't open /dev/input/event14 (are you in the input group?): EACCES Permission denied
[2024-10-28 14:11:13.162] [warning] Can't open /dev/input/event15 (are you in the input group?): EACCES Permission denied
[2024-10-28 14:11:13.162] [warning] Can't open /dev/input/event16 (are you in the input group?): EACCES Permission denied
[2024-10-28 14:11:13.162] [warning] Can't open /dev/input/event17 (are you in the input group?): EACCES Permission denied
[2024-10-28 14:11:13.162] [warning] Can't open /dev/input/event18 (are you in the input group?): EACCES Permission denied
[2024-10-28 14:11:13.162] [warning] Can't open /dev/input/event19 (are you in the input group?): EACCES Permission denied
[2024-10-28 14:11:13.162] [warning] Can't open /dev/input/event20 (are you in the input group?): EACCES Permission denied
[2024-10-28 14:11:13.162] [warning] Can't open /dev/input/event21 (are you in the input group?): EACCES Permission denied
[2024-10-28 14:11:13.162] [warning] Can't open /dev/input/mouse2 (are you in the input group?): EACCES Permission denied
[2024-10-28 14:11:13.162] [warning] module keyboard-state: Disabling module "keyboard-state", Failed to find keyboard device: EACCES Permission denied
[2024-10-28 14:11:13.184] [warning] module sway/language: Disabling module "sway/language", Socket path is empty
[2024-10-28 14:11:13.185] [warning] No battery named BAT2
[2024-10-28 14:11:13.185] [warning] Error while creating the menu : Failed to expand file: $HOME/.config/waybar/power_menu.xml. Menu popup not activated.
[2024-10-28 14:11:13.298] [error] Failed to query power-profiles-daemon via dbus: GDBus.Error:org.freedesktop.DBus.Error.ServiceUnknown: The name is not activatable
[2024-10-28 14:11:13.414] [info] Bar configured (width: 1920, height: 30) for output: eDP-1
[2024-10-28 14:45:49.055] [info] Using configuration file /home/wren/.config/waybar/config.jsonc
[2024-10-28 14:45:49.057] [info] Discovered appearance 'dark'
[2024-10-28 14:45:49.057] [info] Using CSS file /etc/xdg/waybar/style.css
[2024-10-28 14:45:49.061] [info] Hyprland IPC starting
[2024-10-28 14:45:49.061] [info] Loading persistent workspaces from Hyprland workspace rules
[2024-10-28 14:45:49.081] [warning] module sway/workspaces: Disabling module "sway/workspaces", Socket path is empty
[2024-10-28 14:45:49.100] [warning] module sway/mode: Disabling module "sway/mode", Socket path is empty
[2024-10-28 14:45:49.124] [warning] module sway/scratchpad: Disabling module "sway/scratchpad", Socket path is empty
[2024-10-28 14:45:49.129] [error] media stopped unexpectedly, is it endless?
[2024-10-28 14:45:49.147] [warning] module sway/window: Disabling module "sway/window", Socket path is empty
[2024-10-28 14:45:49.184] [warning] module sway/language: Disabling module "sway/language", Socket path is empty
[2024-10-28 14:45:49.185] [warning] Error while creating the menu : Failed to expand file: $HOME/.config/waybar/power_menu.xml. Menu popup not activated.
[2024-10-28 14:45:49.318] [error] Failed to query power-profiles-daemon via dbus: GDBus.Error:org.freedesktop.DBus.Error.ServiceUnknown: The name is not activatable
[2024-10-28 14:45:49.320] [info] Bar configured (width: 1920, height: 30) for output: eDP-1

** (waybar:8797): WARNING **: 14:45:57.457: Status Notifier Item with bus name ':1.100' and object path '/org/ayatana/NotificationItem/nm_applet' is already registered
Gdk-Message: 15:18:20.825: Error reading events from display: Broken pipe
Gdk-Message: 15:18:20.825: Error reading events from display: Broken pipe
